2023-08-30 11:41:31 Loading main app package /usr/lib/obsidian/obsidian.asar
2023-08-30 11:41:31 Checking for update using Github
2023-08-30 11:41:32 Success.
2023-08-30 11:41:32 Latest version is 1.3.7
2023-08-30 11:41:32 App is up to date.
2023-08-30 11:42:08 Loading main app package /usr/lib/obsidian/obsidian.asar
2023-08-30 11:42:08 Checking for update using Github
2023-08-30 11:42:08 Success.
2023-08-30 11:42:08 Latest version is 1.3.7
2023-08-30 11:42:08 App is up to date.
2023-09-02 09:56:55 Loading main app package /usr/lib/obsidian/obsidian.asar
2023-09-02 09:56:56 Checking for update using Github
2023-09-02 09:56:56 Success.
2023-09-02 09:56:56 Latest version is 1.4.5
2023-09-02 09:56:56 Downloading update from https://github.com/obsidianmd/obsidian-releases/releases/download/v1.4.5/obsidian-1.4.5.asar.gz
2023-09-02 10:44:01 Loading main app package /usr/lib/obsidian/obsidian.asar
2023-09-02 10:44:01 Checking for update using Github
2023-09-02 10:44:01 Success.
2023-09-02 10:44:01 Latest version is 1.4.5
2023-09-02 10:44:01 Downloading update from https://github.com/obsidianmd/obsidian-releases/releases/download/v1.4.5/obsidian-1.4.5.asar.gz
2023-09-02 10:44:14 Loading main app package /usr/lib/obsidian/obsidian.asar
2023-09-02 10:44:14 Checking for update using Github
2023-09-02 10:44:14 Success.
2023-09-02 10:44:14 Latest version is 1.4.5
2023-09-02 10:44:14 Downloading update from https://github.com/obsidianmd/obsidian-releases/releases/download/v1.4.5/obsidian-1.4.5.asar.gz
2023-09-03 11:27:21 Loading main app package /usr/lib/obsidian/obsidian.asar
2023-09-03 11:27:21 Checking for update using Github
2023-09-03 11:27:21 Success.
2023-09-03 11:27:21 Latest version is 1.4.5
2023-09-03 11:27:21 App is up to date.
2023-09-13 07:27:20 Loading main app package /usr/lib/obsidian/obsidian.asar
2023-09-13 07:27:20 Checking for update using Github
2023-09-13 07:27:21 Success.
2023-09-13 07:27:21 Latest version is 1.4.12
2023-09-13 07:27:21 Downloading update from https://github.com/obsidianmd/obsidian-releases/releases/download/v1.4.12/obsidian-1.4.12.asar.gz
2023-09-13 07:27:25 Loading main app package /usr/lib/obsidian/obsidian.asar
2023-09-13 07:27:25 Checking for update using Github
2023-09-13 07:27:25 Success.
2023-09-13 07:27:25 Latest version is 1.4.12
2023-09-13 07:27:25 Downloading update from https://github.com/obsidianmd/obsidian-releases/releases/download/v1.4.12/obsidian-1.4.12.asar.gz
2023-09-24 12:10:24 Loading main app package /usr/lib/obsidian/obsidian.asar
2023-09-24 12:10:24 Checking for update using Github
2023-09-24 12:10:24 Success.
2023-09-24 12:10:24 Latest version is 1.4.13
2023-09-24 12:10:24 App is up to date.
2023-09-29 06:08:49 Loading main app package /usr/lib/obsidian/obsidian.asar
2023-09-29 06:08:49 Checking for update using Github
2023-09-29 06:08:50 Success.
2023-09-29 06:08:50 Latest version is 1.4.14
2023-09-29 06:08:50 Downloading update from https://github.com/obsidianmd/obsidian-releases/releases/download/v1.4.14/obsidian-1.4.14.asar.gz
2023-09-29 06:08:51 Verifying hash & signature. Size= 8393737
2023-09-29 06:08:51 Saving file
2023-09-29 06:08:51 Update complete.
2023-09-29 06:09:59 Loading updated app package /home/pranav/.config/obsidian/obsidian-1.4.14.asar
2023-09-29 06:09:59 Checking for update using Github
2023-09-29 06:09:59 Success.
2023-09-29 06:09:59 Latest version is 1.4.14
2023-09-29 06:09:59 App is up to date.
2023-09-29 06:11:41 Loading updated app package /home/pranav/.config/obsidian/obsidian-1.4.14.asar
2023-09-29 06:11:41 Checking for update using Github
2023-09-29 06:11:41 Success.
2023-09-29 06:11:41 Latest version is 1.4.14
2023-09-29 06:11:41 App is up to date.
2023-09-29 06:25:35 Loading updated app package /home/pranav/.config/obsidian/obsidian-1.4.14.asar
2023-09-29 06:25:35 Checking for update using Github
2023-09-29 06:25:35 Success.
2023-09-29 06:25:35 Latest version is 1.4.14
2023-09-29 06:25:35 App is up to date.
